****************************************
{
  "params": {
    "numEpochs": 8,
    "itersPerEpoch": 1,
    "minibatchSize": 8,
    "learningRate": 1.0,
    "lambda": 0.0,
    "objectiveFunction": "CROSS-ENTROPY",
    "itersBetweenWritingModel": 4
  },

  "topology": [
    {
      "type": "Affine",
      "inputDim": 784,
      "outputDim": 30
    },
    {
      "type": "Relu",
      "dim": 30
    },
    {
      "type": "Affine",
      "inputDim": 30,
      "outputDim": 30
    },
    {
      "type": "Relu",
      "dim": 30
    },
    {
      "type": "Affine",
      "inputDim": 30,
      "outputDim": 30
    },
    {
      "type": "Relu",
      "dim": 30
    },
    {
      "type": "Affine",
      "inputDim": 30,
      "outputDim": 10
    },
    {
      "type": "Softmax",
      "dim": 10
    }
  ]
}
****************************************


Epoch 1 of 8

Iteration 1 of 8 at 12:31:16
Average cost per example: 1.4563067

Validating at 12:31:41...
 validation set...
Accuracy: 76.09

Epoch 2 of 8

Iteration 2 of 8 at 12:31:42
Average cost per example: 0.81300515

Validating at 12:32:06...
 validation set...
Accuracy: 75.03

Epoch 3 of 8

Iteration 3 of 8 at 12:32:07
Average cost per example: 0.70967203

Validating at 12:32:31...
 validation set...
Accuracy: 74.97

Epoch 4 of 8

Iteration 4 of 8 at 12:32:32
Average cost per example: 0.75456226

Validating at 12:32:55...
 validation set...
Accuracy: 79.28
