****************************************
{
  "params": {
    "numEpochs": 8,
    "itersPerEpoch": 1,
    "minibatchSize": 8,
    "learningRate": 1.0,
    "lambda": 0.0,
    "objectiveFunction": "CROSS-ENTROPY",
    "itersBetweenWritingModel": 4
  },

  "topology": [
    {
      "type": "Affine",
      "inputDim": 784,
      "outputDim": 30
    },
    {
      "type": "Relu",
      "dim": 30
    },
    {
      "type": "Affine",
      "inputDim": 30,
      "outputDim": 30
    },
    {
      "type": "Relu",
      "dim": 30
    },
    {
      "type": "Affine",
      "inputDim": 30,
      "outputDim": 30
    },
    {
      "type": "Relu",
      "dim": 30
    },
    {
      "type": "Affine",
      "inputDim": 30,
      "outputDim": 10
    },
    {
      "type": "Softmax",
      "dim": 10
    }
  ]
}
****************************************

Epoch 1 of 8

Iteration 1 of 8 at 21:56:06
Average cost per example: 1.3601072

Validating at 21:56:33...
 validation set...
Accuracy: 66.83
Epoch 2 of 8

Iteration 2 of 8 at 21:56:34
Average cost per example: 0.8636886

Validating at 21:56:59...
 validation set...
Accuracy: 74.0
Epoch 3 of 8

Iteration 3 of 8 at 21:57:01
Average cost per example: 0.875451

Validating at 21:57:24...
 validation set...
Accuracy: 77.36
Epoch 4 of 8

Iteration 4 of 8 at 21:57:25
Average cost per example: 1.0118785

Validating at 21:57:49...
 validation set...
Accuracy: 69.51
Epoch 5 of 8

Iteration 5 of 8 at 21:57:51
Average cost per example: 0.99625653

Validating at 21:58:15...
 validation set...
Accuracy: 69.83
Epoch 6 of 8

Iteration 6 of 8 at 21:58:17
Average cost per example: 0.97883856

Validating at 21:58:42...
 validation set...
Accuracy: 72.6
Epoch 7 of 8

Iteration 7 of 8 at 21:58:44
Average cost per example: 1.0760983

Validating at 21:59:10...
 validation set...
Accuracy: 67.79
Epoch 8 of 8

Iteration 8 of 8 at 21:59:11
Average cost per example: 1.0137199

Validating at 21:59:39...
 validation set...
Accuracy: 72.87
