****************************************
{
  "params": {
    "numEpochs": 8,
    "itersPerEpoch": 1,
    "minibatchSize": 16,
    "learningRate": 1.0,
    "lambda": 0.0,
    "objectiveFunction": "CROSS-ENTROPY",
    "itersBetweenWritingModel": 4
  },

  "topology": [
    {
      "type": "Affine",
      "inputDim": 784,
      "outputDim": 30
    },
    {
      "type": "Relu",
      "dim": 30
    },
    {
      "type": "Affine",
      "inputDim": 30,
      "outputDim": 30
    },
    {
      "type": "Relu",
      "dim": 30
    },
    {
      "type": "Affine",
      "inputDim": 30,
      "outputDim": 30
    },
    {
      "type": "Relu",
      "dim": 30
    },
    {
      "type": "Affine",
      "inputDim": 30,
      "outputDim": 10
    },
    {
      "type": "Softmax",
      "dim": 10
    }
  ]
}
****************************************

Epoch 1 of 8

Iteration 1 of 8 at 21:53:47
Average cost per example: 1.6812452

Validating at 21:54:14...
 validation set...
Accuracy: 54.05
Epoch 2 of 8

Iteration 2 of 8 at 21:54:15
Average cost per example: 1.2395076

Validating at 21:54:42...
 validation set...
Accuracy: 55.97
Epoch 3 of 8

Iteration 3 of 8 at 21:54:43
Average cost per example: 1.0767345

Validating at 21:55:09...
 validation set...
Accuracy: 68.55
Epoch 4 of 8

Iteration 4 of 8 at 21:55:11
Average cost per example: 0.89237684

Validating at 21:55:36...
 validation set...
Accuracy: 71.14
