****************************************
{
  "params": {
    "numEpochs": 8,
    "itersPerEpoch": 1,
    "minibatchSize": 8,
    "learningRate": 1.0,
    "lambda": 0.0,
    "objectiveFunction": "CROSS-ENTROPY",
    "itersBetweenWritingModel": 4
  },

  "topology": [
    {
      "type": "Affine",
      "inputDim": 784,
      "outputDim": 30
    },
    {
      "type": "Relu",
      "dim": 30
    },
    {
      "type": "Affine",
      "inputDim": 30,
      "outputDim": 30
    },
    {
      "type": "Relu",
      "dim": 30
    },
    {
      "type": "Affine",
      "inputDim": 30,
      "outputDim": 30
    },
    {
      "type": "Relu",
      "dim": 30
    },
    {
      "type": "Affine",
      "inputDim": 30,
      "outputDim": 10
    },
    {
      "type": "Softmax",
      "dim": 10
    }
  ]
}
****************************************


Epoch 1 of 8

Iteration 1 of 8 at 19:49:22
Average cost per example: NaN

Validating at 19:49:22...
 training set...

Epoch 2 of 8

Iteration 2 of 8 at 19:49:22
Average cost per example: NaN

Validating at 19:49:22...
 training set...

Epoch 3 of 8

Iteration 3 of 8 at 19:49:22
Average cost per example: NaN

Validating at 19:49:22...
 training set...

Epoch 4 of 8

Iteration 4 of 8 at 19:49:22
Average cost per example: NaN

Validating at 19:49:22...
 training set...

Epoch 5 of 8

Iteration 5 of 8 at 19:49:22
Average cost per example: NaN

Validating at 19:49:22...
 training set...

Epoch 6 of 8

Iteration 6 of 8 at 19:49:22
Average cost per example: NaN

Validating at 19:49:22...
 training set...

Epoch 7 of 8

Iteration 7 of 8 at 19:49:22
Average cost per example: NaN

Validating at 19:49:22...
 training set...

Epoch 8 of 8

Iteration 8 of 8 at 19:49:22
Average cost per example: NaN

Validating at 19:49:22...
 training set...
