Train Vector Config:
****************************************
{
  "params": {
    "numEpochs": 10,
    "itersPerEpoch": 1,
    "minibatchSize": 1,
    "learningRate": 1.0,
    "lambda": 0.0,
    "objectiveFunction": "MEAN-SQUARED",
    "itersBetweenWritingModel": 10
  },

  "topology": [
    {
      "type": "Affine",
      "inputDim": 2,
      "outputDim": 1
    },
    {
      "type": "Relu",
      "dim": 2
    }
  ]
}
****************************************

Train Matrix Config:
****************************************
{
  "params": {
    "numEpochs": 10,
    "itersPerEpoch": 1,
    "minibatchSize": 1,
    "learningRate": 1.0,
    "lambda": 0.0,
    "objectiveFunction": "MEAN-SQUARED",
    "itersBetweenWritingModel": 10
  },

  "topology": [
    {
      "type": "Affine",
      "inputDim": 2,
      "outputDim": 1
    }
  ]
}
****************************************


Epoch 1 of 10

Iteration 1 of 10 at 20:11:06
Average cost per example: 0.0

Validating at 20:11:06...
 training set...

Epoch 2 of 10

Iteration 2 of 10 at 20:11:06
Average cost per example: 0.0

Validating at 20:11:06...
 training set...

Epoch 3 of 10

Iteration 3 of 10 at 20:11:06
Average cost per example: 0.0

Validating at 20:11:06...
 training set...

Epoch 4 of 10

Iteration 4 of 10 at 20:11:06
Average cost per example: 0.0

Validating at 20:11:06...
 training set...

Epoch 5 of 10

Iteration 5 of 10 at 20:11:06
Average cost per example: 0.0

Validating at 20:11:06...
 training set...

Epoch 6 of 10

Iteration 6 of 10 at 20:11:06
Average cost per example: 0.0

Validating at 20:11:06...
 training set...

Epoch 7 of 10

Iteration 7 of 10 at 20:11:06
Average cost per example: 0.0

Validating at 20:11:06...
 training set...

Epoch 8 of 10

Iteration 8 of 10 at 20:11:06
Average cost per example: 0.0

Validating at 20:11:06...
 training set...

Epoch 9 of 10

Iteration 9 of 10 at 20:11:06
Average cost per example: 0.0

Validating at 20:11:06...
 training set...

Epoch 10 of 10

Iteration 10 of 10 at 20:11:06
Average cost per example: 0.0

Validating at 20:11:06...
 training set...
